<?xml version="1.0" encoding="UTF-8"?>
<!-- Generated by org.testng.reporters.JUnitReportReporter -->
<testsuite hostname="IN5CG51045GZ" name="metronome.MetronomeURL" tests="5" failures="0" timestamp="15 Nov 2019 18:06:31 GMT" time="134.880" errors="0">
  <testcase name="Metronome_URLlogin" time="81.293" classname="metronome.MetronomeURL"/>
  <testcase name="FileClose" time="20.005" classname="metronome.MetronomeURL"/>
  <testcase name="ScreenCap" time="2.135" classname="metronome.MetronomeURL"/>
  <testcase name="JavaEmail" time="10.889" classname="metronome.MetronomeURL"/>
  <testcase name="FilePath" time="20.558" classname="metronome.MetronomeURL"/>
</testsuite> <!-- metronome.MetronomeURL -->
