<?xml version="1.0" encoding="UTF-8"?>
<!-- Generated by org.testng.reporters.JUnitReportReporter -->
<testsuite hostname="IN5CG51045GZ" name="org.testcases.TC001_LoginLogout" tests="1" failures="0" timestamp="5 Dec 2019 10:29:03 GMT" time="14.519" errors="0">
  <testcase name="loginLogout" time="14.519" classname="org.testcases.TC001_LoginLogout"/>
</testsuite> <!-- org.testcases.TC001_LoginLogout -->
