<?xml version="1.0" encoding="UTF-8"?>
<!-- Generated by org.testng.reporters.JUnitReportReporter -->
<testsuite skipped="0" hostname="DESKTOP-13RKBDN" name="org.testleaf.testcases.TC001_LoginLogout" tests="1" failures="0" timestamp="2019-11-03T11:31:31 IST" time="8.555" errors="0">
  <testcase name="loginLogout" time="8.555" classname="org.testleaf.testcases.TC001_LoginLogout"/>
</testsuite> <!-- org.testleaf.testcases.TC001_LoginLogout -->
